xrun: 25.03-s001: (c) Copyright 1995-2025 Cadence Design Systems, Inc.
TOOL:	xrun	25.03-s001: Started on Mar 19, 2026 at 02:59:02 EDT
xrun
	-Q
	-unbuffered
	-timescale 1ns/1ns
	-sysv
	-access +rw
	-uvmnocdnsextra
	-uvmhome /xcelium25.03/tools//methodology/UVM/CDNS-1.2/sv
	/xcelium25.03/tools//methodology/UVM/CDNS-1.2/sv/src/uvm_macros.svh
	design.sv
	testbench.sv
	Top level design units:
		uvm_pkg
		$unit_0x67f934e9
		tb_top
  karatsuba_recursive #(64, 8) DUT(.clk(vif.clk),.start(vif.reset),.x(vif.ip1),.y(vif.ip2),.out(vif.out));
                                                                            |
xmelab: *W,CUVMPW (./testbench.sv,20|76): port sizes differ in port connection(32/64) for the instance(tb_top) .
  karatsuba_recursive #(64, 8) DUT(.clk(vif.clk),.start(vif.reset),.x(vif.ip1),.y(vif.ip2),.out(vif.out));
                                                                                        |
xmelab: *W,CUVMPW (./testbench.sv,20|88): port sizes differ in port connection(32/64) for the instance(tb_top) .
  karatsuba_recursive #(64, 8) DUT(.clk(vif.clk),.start(vif.reset),.x(vif.ip1),.y(vif.ip2),.out(vif.out));
                                                                                                      |
xmelab: *W,CUVMPW (./testbench.sv,20|102): port sizes differ in port connection(64/128) for the instance(tb_top) .
Loading snapshot worklib.tb_top:sv .................... Done
SVSEED default: 1
xcelium> source /xcelium25.03/tools/xcelium/files/xmsimrc
xcelium> source /xcelium25.03/tools//methodology/UVM/CDNS-1.2/sv/files/tcl/uvm_sim.tcl
xcelium> run
UVM_INFO /xcelium25.03/tools/methodology/UVM/CDNS-1.2/sv/src/base/uvm_root.svh(412) @ 0: reporter [UVM/RELNOTES] 
----------------------------------------------------------------
CDNS-UVM-1.2 (25.03-s001)
(C) 2007-2014 Mentor Graphics Corporation
(C) 2007-2014 Cadence Design Systems, Inc.
(C) 2006-2014 Synopsys, Inc.
(C) 2011-2013 Cypress Semiconductor Corp.
(C) 2013-2014 NVIDIA Corporation
----------------------------------------------------------------

  ***********       IMPORTANT RELEASE NOTES         ************

  You are using a version of the UVM library that has been compiled
  with `UVM_NO_DEPRECATED undefined.
  See http://www.eda.org/svdb/view.php?id=3313 for more details.

  You are using a version of the UVM library that has been compiled
  with `UVM_OBJECT_DO_NOT_NEED_CONSTRUCTOR undefined.
  See http://www.eda.org/svdb/view.php?id=3770 for more details.

      (Specify +UVM_NO_RELNOTES to turn off this notice)

xmsim: *W,PRPASZ: Packed array at "worklib.uvm_pkg::uvm_string_to_bits.uvm_string_to_bits" of 115200 bits exceeds limit of 4096 - not probed
 Use 'probe -create -packed 115200 worklib.uvm_pkg::uvm_string_to_bits.uvm_string_to_bits' or 'setenv SHM_PACKED_LIMIT 115200' to adjust limit.
xmsim: *W,PRPASZ: Packed array at "worklib.uvm_pkg::uvm_bits_to_string.str" of 115200 bits exceeds limit of 4096 - not probed
 Use 'probe -create -packed 115200 worklib.uvm_pkg::uvm_bits_to_string.str' or 'setenv SHM_PACKED_LIMIT 115200' to adjust limit.
UVM_INFO @ 0: reporter [RNTST] Running test base_test...
UVM_INFO base_seq.sv(10) @ 5: uvm_test_top.env_o.agt.seqr@@bseq [base_seq] Base seq: Inside Body
UVM_INFO driver.sv(20) @ 5: uvm_test_top.env_o.agt.drv [driver] ip1 = 4778, ip2 = 3872
UVM_INFO base_seq.sv(10) @ 10: uvm_test_top.env_o.agt.seqr@@bseq [base_seq] Base seq: Inside Body
UVM_INFO driver.sv(20) @ 10: uvm_test_top.env_o.agt.drv [driver] ip1 = 8074, ip2 = 6884
UVM_INFO base_seq.sv(10) @ 15: uvm_test_top.env_o.agt.seqr@@bseq [base_seq] Base seq: Inside Body
UVM_INFO driver.sv(20) @ 15: uvm_test_top.env_o.agt.drv [driver] ip1 = 1984, ip2 = 8725
UVM_INFO base_seq.sv(10) @ 20: uvm_test_top.env_o.agt.seqr@@bseq [base_seq] Base seq: Inside Body
UVM_INFO driver.sv(20) @ 20: uvm_test_top.env_o.agt.drv [driver] ip1 = 8916, ip2 = 7327
UVM_INFO base_seq.sv(10) @ 25: uvm_test_top.env_o.agt.seqr@@bseq [base_seq] Base seq: Inside Body
UVM_INFO driver.sv(20) @ 25: uvm_test_top.env_o.agt.drv [driver] ip1 = 9487, ip2 = 9277
UVM_INFO base_seq.sv(10) @ 30: uvm_test_top.env_o.agt.seqr@@bseq [base_seq] Base seq: Inside Body
UVM_INFO driver.sv(20) @ 30: uvm_test_top.env_o.agt.drv [driver] ip1 = 7851, ip2 = 852
UVM_INFO base_seq.sv(10) @ 35: uvm_test_top.env_o.agt.seqr@@bseq [base_seq] Base seq: Inside Body
UVM_INFO driver.sv(20) @ 35: uvm_test_top.env_o.agt.drv [driver] ip1 = 1330, ip2 = 9878
UVM_INFO base_seq.sv(10) @ 40: uvm_test_top.env_o.agt.seqr@@bseq [base_seq] Base seq: Inside Body
UVM_INFO driver.sv(20) @ 40: uvm_test_top.env_o.agt.drv [driver] ip1 = 7092, ip2 = 3009
UVM_INFO base_seq.sv(10) @ 45: uvm_test_top.env_o.agt.seqr@@bseq [base_seq] Base seq: Inside Body
UVM_INFO driver.sv(20) @ 45: uvm_test_top.env_o.agt.drv [driver] ip1 = 9656, ip2 = 6828
UVM_INFO base_seq.sv(10) @ 50: uvm_test_top.env_o.agt.seqr@@bseq [base_seq] Base seq: Inside Body
UVM_INFO driver.sv(20) @ 50: uvm_test_top.env_o.agt.drv [driver] ip1 = 1399, ip2 = 4553
UVM_INFO base_test.sv(25) @ 50: uvm_test_top [base_test] End of testcase
UVM_INFO /xcelium25.03/tools/methodology/UVM/CDNS-1.2/sv/src/base/uvm_objection.svh(1271) @ 50: reporter [TEST_DONE] 'run' phase is ready to proceed to the 'extract' phase
UVM_INFO /xcelium25.03/tools/methodology/UVM/CDNS-1.2/sv/src/base/uvm_report_server.svh(851) @ 50: reporter [UVM/REPORT/SERVER] 
--- UVM Report Summary ---

** Report counts by severity
UVM_INFO :   24
UVM_WARNING :    0
UVM_ERROR :    0
UVM_FATAL :    0
** Report counts by id
[RNTST]     1
[TEST_DONE]     1
[UVM/RELNOTES]     1
[base_seq]    10
[base_test]     1
[driver]    10

Simulation complete via $finish(1) at time 50 NS + 89
/xcelium25.03/tools/methodology/UVM/CDNS-1.2/sv/src/base/uvm_root.svh:543     $finish;
xcelium> exit
TOOL:	xrun	25.03-s001: Exiting on Mar 19, 2026 at 02:59:12 EDT  (total: 00:00:10)
